Build started 2010-01-06 19:29:57.
     1>Project "C:\!projects\rde2\io\build\win32\io.vcxproj" on node 1 (build target(s)).
     1>_PrepareForBuild:
         Creating "C:\!projects\rde2\io\build\win32\Debug\io.unsuccessfulbuild" because "AlwaysCreate" was specified.
       ClCompile:
         C:\Program Files\Microsoft Visual Studio 10.0\VC\bin\CL.exe /c /I../../.. /ZI /nologo /W4 /WX /Od /Oy- /D WIN32 /D _DEBUG /D _CONSOLE /D _MBCS /GF- /Gm- /RTCc /RTC1 /MDd /GS /Gy /fp:fast /fp:except- /Zc:wchar_t /Zc:forScope /GR- /openmp- /Fo"C:\!projects\rde2\io\build\win32\Debug\\" /Fd"C:\!projects\rde2\io\build\win32\Debug\vc100.pdb" /Gd /TP /wd4511 /wd4512 /wd4127 /wd4996 /analyze- /errorReport:prompt ..\..\ChunkStreamReader.cpp ..\..\ChunkStreamWriter.cpp ..\..\FileStream.cpp ..\..\win32\IoSys.cpp ..\..\MemoryStream.cpp ..\..\StreamReader.cpp ..\..\StreamWriter.cpp  /J
         ChunkStreamReader.cpp
         ChunkStreamWriter.cpp
         FileStream.cpp
         IoSys.cpp
         MemoryStream.cpp
         StreamReader.cpp
         StreamWriter.cpp
         Generating Code...
       Lib:
         C:\Program Files\Microsoft Visual Studio 10.0\VC\bin\Lib.exe /OUT:"C:\!projects\rde2\io\build\win32\Debug\io.lib" /NOLOGO "C:\!projects\rde2\io\build\win32\Debug\ChunkStreamReader.obj" "C:\!projects\rde2\io\build\win32\Debug\ChunkStreamWriter.obj" "C:\!projects\rde2\io\build\win32\Debug\FileStream.obj" "C:\!projects\rde2\io\build\win32\Debug\IoSys.obj" "C:\!projects\rde2\io\build\win32\Debug\MemoryStream.obj" "C:\!projects\rde2\io\build\win32\Debug\StreamReader.obj" "C:\!projects\rde2\io\build\win32\Debug\StreamWriter.obj" /IGNORE:4221 /IGNORE:4006 
         io.vcxproj -> C:\!projects\rde2\io\build\win32\Debug\io.lib
       _AfterBuild:
         Deleting file "C:\!projects\rde2\io\build\win32\Debug\io.unsuccessfulbuild".
         Touching "C:\!projects\rde2\io\build\win32\Debug\io.lastbuildstate".
     1>Done Building Project "C:\!projects\rde2\io\build\win32\io.vcxproj" (build target(s)).

Project Performance Summary:
     6212 ms  C:\!projects\rde2\io\build\win32\io.vcxproj   1 calls
               6212 ms  build                                      1 calls

Target Performance Summary:
        0 ms  _ClCompile                                 1 calls
        0 ms  PostBuildEvent                             1 calls
        0 ms  _Manifest                                  1 calls
        0 ms  SelectCustomBuild                          1 calls
        0 ms  AfterClCompile                             1 calls
        0 ms  PreBuildEvent                              1 calls
        0 ms  _Midl                                      1 calls
        0 ms  _Deploy                                    1 calls
        0 ms  AfterLib                                   1 calls
        0 ms  MakeDirsForXdcMake                         1 calls
        0 ms  PreLinkEvent                               1 calls
        0 ms  AfterBuildCompileEvent                     1 calls
        0 ms  ComputeMIDLGeneratedCompileInputs          1 calls
        0 ms  AfterMidl                                  1 calls
        0 ms  MakeDirsForResourceCompile                 1 calls
        0 ms  PlatformPrepareForBuild                    1 calls
        0 ms  _ResourceCompile                           1 calls
        0 ms  BuildGenerateSources                       1 calls
        0 ms  _Xsd                                       1 calls
        0 ms  ComputeLibInputsFromProject                1 calls
        0 ms  BeforeLib                                  1 calls
        0 ms  ResolveReferences                          1 calls
        0 ms  SelectClCompile                            1 calls
        0 ms  _CheckForCompileOutputs                    1 calls
        0 ms  MakeDirsForLib                             1 calls
        0 ms  _GenerateXMLData                           1 calls
        0 ms  ComputeCustomBuildOutput                   1 calls
        0 ms  ComputeRCGeneratedLibInputs                1 calls
        0 ms  _XdcMake                                   1 calls
        0 ms  Build                                      1 calls
        0 ms  AfterBuildGenerateSources                  1 calls
        0 ms  _SelectedFiles                             1 calls
        0 ms  AfterResolveReferences                     1 calls
        0 ms  BeforeResolveReferences                    1 calls
        0 ms  _Lib                                       1 calls
        0 ms  _BscMake                                   1 calls
        0 ms  ComputeLibAdditionalOptions                1 calls
        0 ms  _Appverifier                               1 calls
        0 ms  AfterResourceCompile                       1 calls
        0 ms  _ALink                                     1 calls
        0 ms  _GenerateWebServiceProxy                   1 calls
        0 ms  ComputeRCOutputs                           1 calls
        0 ms  _CopySourceItemsToOutputDirectory          1 calls
        0 ms  BeforeBuildGenerateSources                 1 calls
        0 ms  BuildCompile                               1 calls
        0 ms  BuildLink                                  1 calls
        0 ms  BeforeResourceCompile                      1 calls
        0 ms  BeforeClCompile                            1 calls
        0 ms  AfterBuildGenerateSourcesEvent             1 calls
        1 ms  MakeDirsForBscMake                         1 calls
        1 ms  DoLibOutputFilesMatch                      1 calls
        1 ms  ComputeCLInputPDBName                      1 calls
        2 ms  ComputeCLCompileGeneratedXDCFiles          1 calls
        2 ms  GetCopyToOutputDirectoryItems              1 calls
        3 ms  ResolveProjectReferences                   1 calls
        3 ms  ComputeCLOutputs                           1 calls
        4 ms  AssignCppReferenceTargets                  1 calls
        7 ms  PrepareForBuild                            1 calls
        8 ms  AssignTargetPaths                          1 calls
        8 ms  _AfterBuild                                1 calls
       12 ms  GetFrameworkPaths                          1 calls
       13 ms  _CopyFilesMarkedCopyLocal                  1 calls
       15 ms  _SplitProjectReferencesByFileExistence     1 calls
       23 ms  ComputeCLCompileGeneratedSbrFiles          1 calls
       23 ms  MakeDirsForMidl                            1 calls
       30 ms  ComputeCLGeneratedLibInputs                1 calls
       38 ms  SetBuildDefaultEnvironmentVariables        1 calls
       84 ms  CopyFilesToOutputDirectory                 1 calls
       90 ms  MakeDirsForCl                              1 calls
       91 ms  _DetermineManagedStateFromCL               1 calls
      138 ms  _PrepareForBuild                           1 calls
      264 ms  Lib                                        1 calls
      381 ms  _CheckForInvalidConfigurationAndPlatform   1 calls
     4744 ms  ClCompile                                  1 calls

Task Performance Summary:
        5 ms  WriteLinesToFile                           1 calls
        7 ms  AssignTargetPath                           5 calls
        9 ms  Delete                                     2 calls
       12 ms  Copy                                       4 calls
       19 ms  MakeDir                                    9 calls
       20 ms  SetEnv                                     4 calls
       21 ms  ReadLinesFromFile                          1 calls
       37 ms  Touch                                      2 calls
       88 ms  Message                                    3 calls
      251 ms  LIB                                        1 calls
     4647 ms  CL                                         1 calls

Build succeeded.

Time Elapsed 00:00:06.14
